<?xml version="1.0" encoding="UTF-8"?>
<!-- Generated by org.testng.reporters.JUnitXMLReporter -->
<testsuite ignored="1" hostname="LAPTOP-5KMFOFH9" failures="0" tests="1" name="Default test" time="0.441" errors="0" timestamp="2024-07-26T22:29:35 IST">
  <testcase classname="apiScenarios.DataConversion" name="testDeserialization" time="0.38"/>
  <testcase classname="apiScenarios.DataConversion" name="testSerialization" time="0.0">
    <ignored/>
  </testcase> <!-- testSerialization -->
</testsuite> <!-- Default test -->
