<?xml version="1.0" encoding="UTF-8"?>
<!-- Generated by org.testng.reporters.JUnitXMLReporter -->
<testsuite ignored="3" hostname="LAPTOP-5KMFOFH9" failures="0" tests="1" name="Default test" time="5.584" errors="0" timestamp="2024-07-30T21:15:00 IST">
  <testcase classname="apiScenarios.AuthenticationDemo" name="auth2Test" time="5.511"/>
  <testcase classname="apiScenarios.AuthenticationDemo" name="digestAuth" time="0.0">
    <ignored/>
  </testcase> <!-- digestAuth -->
  <testcase classname="apiScenarios.AuthenticationDemo" name="basicAuth" time="0.0">
    <ignored/>
  </testcase> <!-- basicAuth -->
  <testcase classname="apiScenarios.AuthenticationDemo" name="bearerTokenAuth" time="0.0">
    <ignored/>
  </testcase> <!-- bearerTokenAuth -->
</testsuite> <!-- Default test -->
