<?xml version="1.0" encoding="UTF-8"?>
<testsuite xmlns:xsi="http://www.w3.org/2001/XMLSchema-instance" xsi:noNamespaceSchemaLocation="https://maven.apache.org/surefire/maven-surefire-plugin/xsd/surefire-test-report.xsd" version="3.0.2" name="TestSuite" time="14.585" tests="4" errors="0" skipped="0" failures="0">
  <properties>
[...]
</properties>
  <testcase name="verifyUrl" classname="com.CRM.TestCase.HomePageTestCase" time="0.019">
    <system-out><![CDATA[Test pass: Url matched!
]]></system-out>
    <system-err><![CDATA[SLF4J: Failed to load class "org.slf4j.impl.StaticLoggerBinder".
SLF4J: Defaulting to no-operation (NOP) logger implementation
SLF4J: See http://www.slf4j.org/codes.html#StaticLoggerBinder for further details.
]]></system-err>
  </testcase>
  <testcase name="verifyTitle" classname="com.CRM.TestCase.HomePageTestCase" time="0.012">
    <system-out><![CDATA[Test Pass! Title macthed
]]></system-out>
  </testcase>
  <testcase name="validateSIgnInLink" classname="com.CRM.TestCase.HomePageTestCase" time="1.062">
    <system-out><![CDATA[Test Pass: Application navigating to Login page
]]></system-out>
  </testcase>
  <testcase name="validateLogin" classname="com.CRM.TestCase.LoginPageTestCase" time="1.255">
    <system-out><![CDATA[Test Pass: Login Completed!
]]></system-out>
  </testcase>
</testsuite>