<?xml version="1.0" encoding="UTF-8"?>
<testng-results ignored="0" total="4" passed="4" failed="0" skipped="0">
  <reporter-output>
  </reporter-output>
  <suite started-at="2024-07-16T22:23:09 IST" name="Suite" finished-at="2024-07-16T22:23:23 IST" duration-ms="14285">
    <groups>
    </groups>
    <test started-at="2024-07-16T22:23:09 IST" name="HomePageTest" finished-at="2024-07-16T22:23:17 IST" duration-ms="8263">
      <class name="com.CRM.TestCase.HomePageTestCase">
        <test-method is-config="true" signature="setup()[pri:0, instance:com.CRM.TestCase.HomePageTestCase@659499f1]" started-at="2024-07-16T22:23:09 IST" name="setup" finished-at="2024-07-16T22:23:16 IST" duration-ms="7111" status="PASS">
          <reporter-output>
          </reporter-output>
        </test-method> <!-- setup -->
        <test-method signature="verifyUrl()[pri:1, instance:com.CRM.TestCase.HomePageTestCase@659499f1]" started-at="2024-07-16T22:23:16 IST" name="verifyUrl" finished-at="2024-07-16T22:23:16 IST" duration-ms="21" status="PASS">
          <reporter-output>
          </reporter-output>
        </test-method> <!-- verifyUrl -->
        <test-method signature="verifyTitle()[pri:2, instance:com.CRM.TestCase.HomePageTestCase@659499f1]" started-at="2024-07-16T22:23:16 IST" name="verifyTitle" finished-at="2024-07-16T22:23:16 IST" duration-ms="19" status="PASS">
          <reporter-output>
          </reporter-output>
        </test-method> <!-- verifyTitle -->
        <test-method signature="validateSIgnInLink()[pri:3, instance:com.CRM.TestCase.HomePageTestCase@659499f1]" started-at="2024-07-16T22:23:16 IST" name="validateSIgnInLink" finished-at="2024-07-16T22:23:17 IST" duration-ms="1044" status="PASS">
          <reporter-output>
          </reporter-output>
        </test-method> <!-- validateSIgnInLink -->
      </class> <!-- com.CRM.TestCase.HomePageTestCase -->
    </test> <!-- HomePageTest -->
    <test started-at="2024-07-16T22:23:17 IST" name="LoginPageTest" finished-at="2024-07-16T22:23:23 IST" duration-ms="5924">
      <class name="com.CRM.TestCase.LoginPageTestCase">
        <test-method is-config="true" signature="setup()[pri:0, instance:com.CRM.TestCase.LoginPageTestCase@6c1a5b54]" started-at="2024-07-16T22:23:17 IST" name="setup" finished-at="2024-07-16T22:23:20 IST" duration-ms="3290" status="PASS">
          <reporter-output>
          </reporter-output>
        </test-method> <!-- setup -->
        <test-method is-config="true" signature="pageSetup()[pri:0, instance:com.CRM.TestCase.LoginPageTestCase@6c1a5b54]" started-at="2024-07-16T22:23:20 IST" name="pageSetup" finished-at="2024-07-16T22:23:22 IST" duration-ms="1389" status="PASS">
          <reporter-output>
          </reporter-output>
        </test-method> <!-- pageSetup -->
        <test-method signature="validateLogin()[pri:0, instance:com.CRM.TestCase.LoginPageTestCase@6c1a5b54]" started-at="2024-07-16T22:23:22 IST" name="validateLogin" finished-at="2024-07-16T22:23:23 IST" duration-ms="1238" status="PASS">
          <reporter-output>
          </reporter-output>
        </test-method> <!-- validateLogin -->
      </class> <!-- com.CRM.TestCase.LoginPageTestCase -->
    </test> <!-- LoginPageTest -->
  </suite> <!-- Suite -->
</testng-results>
