<?xml version="1.0" encoding="UTF-8"?>
<testng-results ignored="3" total="4" passed="1" failed="0" skipped="0">
  <reporter-output>
  </reporter-output>
  <suite started-at="2024-07-30T21:14:55 IST" name="Default suite" finished-at="2024-07-30T21:15:00 IST" duration-ms="5584">
    <groups>
    </groups>
    <test started-at="2024-07-30T21:14:55 IST" name="Default test" finished-at="2024-07-30T21:15:00 IST" duration-ms="5584">
      <class name="apiScenarios.AuthenticationDemo">
        <test-method signature="auth2Test()[pri:0, instance:apiScenarios.AuthenticationDemo@2f217633]" started-at="2024-07-30T21:14:55 IST" name="auth2Test" finished-at="2024-07-30T21:15:00 IST" duration-ms="5511" status="PASS">
          <reporter-output>
          </reporter-output>
        </test-method> <!-- auth2Test -->
      </class> <!-- apiScenarios.AuthenticationDemo -->
    </test> <!-- Default test -->
  </suite> <!-- Default suite -->
</testng-results>
